<?xml version="1.0" encoding="UTF-8"?>
<!-- Generated by org.testng.reporters.JUnitXMLReporter -->
<testsuite ignored="1" hostname="DESKTOP-4K2IFQ7" failures="0" tests="1" name="Default test" time="6.042" errors="0" timestamp="2024-02-06T10:47:58 IST">
  <testcase classname="POSTAPICalls.BookingAuthTest" name="post_req_BookingAuthTokenTest_WithJSONFile" time="5.96"/>
  <testcase classname="POSTAPICalls.BookingAuthTest" name="post_req_BookingAuthTokenTest" time="0.0">
    <ignored/>
  </testcase> <!-- post_req_BookingAuthTokenTest -->
</testsuite> <!-- Default test -->
