<?xml version="1.0" encoding="UTF-8"?>
<!-- Generated by org.testng.reporters.JUnitXMLReporter -->
<testsuite ignored="6" hostname="DESKTOP-4K2IFQ7" failures="0" tests="1" name="Default test" time="3.245" errors="0" timestamp="2024-02-18T11:07:27 IST">
  <testcase classname="multibody.BodyAPITest" name="bodyWithURLEncodedDataTest" time="3.172"/>
  <testcase classname="multibody.BodyAPITest" name="bodyWithTextTest" time="0.0">
    <ignored/>
  </testcase> <!-- bodyWithTextTest -->
  <testcase classname="multibody.BodyAPITest" name="bodyWithBinaryDataTest" time="0.0">
    <ignored/>
  </testcase> <!-- bodyWithBinaryDataTest -->
  <testcase classname="multibody.BodyAPITest" name="bodyWithMultiPartFormDataTest" time="0.0">
    <ignored/>
  </testcase> <!-- bodyWithMultiPartFormDataTest -->
  <testcase classname="multibody.BodyAPITest" name="bodyWithHTMLTest" time="0.0">
    <ignored/>
  </testcase> <!-- bodyWithHTMLTest -->
  <testcase classname="multibody.BodyAPITest" name="bodyWithXMLTest" time="0.0">
    <ignored/>
  </testcase> <!-- bodyWithXMLTest -->
  <testcase classname="multibody.BodyAPITest" name="bodyWithJavaScriptTest" time="0.0">
    <ignored/>
  </testcase> <!-- bodyWithJavaScriptTest -->
</testsuite> <!-- Default test -->
