<?xml version="1.0" encoding="UTF-8"?>
<testng-results ignored="1" total="2" passed="1" failed="0" skipped="0">
  <reporter-output>
  </reporter-output>
  <suite started-at="2024-02-05T18:47:26 IST" name="Default suite" finished-at="2024-02-05T18:47:30 IST" duration-ms="3841">
    <groups>
    </groups>
    <test started-at="2024-02-05T18:47:26 IST" name="Default test" finished-at="2024-02-05T18:47:30 IST" duration-ms="3841">
      <class name="specificationbuilder.RequestSpecificationTest">
        <test-method signature="user_req_get_withqueryparam()[pri:0, instance:specificationbuilder.RequestSpecificationTest@55740540]" started-at="2024-02-05T18:47:26 IST" name="user_req_get_withqueryparam" finished-at="2024-02-05T18:47:30 IST" duration-ms="3762" status="PASS">
          <reporter-output>
          </reporter-output>
        </test-method> <!-- user_req_get_withqueryparam -->
      </class> <!-- specificationbuilder.RequestSpecificationTest -->
    </test> <!-- Default test -->
  </suite> <!-- Default suite -->
</testng-results>
