<?xml version="1.0" encoding="UTF-8"?>
<testng-results ignored="2" total="3" passed="1" failed="0" skipped="0">
  <reporter-output>
  </reporter-output>
  <suite started-at="2024-02-10T17:16:33 IST" name="Default suite" finished-at="2024-02-10T17:16:37 IST" duration-ms="3745">
    <groups>
    </groups>
    <test started-at="2024-02-10T17:16:33 IST" name="Default test" finished-at="2024-02-10T17:16:37 IST" duration-ms="3745">
      <class name="JsonPathValidationTest.JsonPathTest">
        <test-method signature="getJeweleryTitleAndPrice()[pri:0, instance:JsonPathValidationTest.JsonPathTest@186f8716]" started-at="2024-02-10T17:16:33 IST" name="getJeweleryTitleAndPrice" finished-at="2024-02-10T17:16:37 IST" duration-ms="3685" status="PASS">
          <reporter-output>
          </reporter-output>
        </test-method> <!-- getJeweleryTitleAndPrice -->
      </class> <!-- JsonPathValidationTest.JsonPathTest -->
    </test> <!-- Default test -->
  </suite> <!-- Default suite -->
</testng-results>
